2023-08-13T05:23:06: 
2023-08-13T05:23:06:    INFO  Server running on [http://0.0.0.0:8080].  
2023-08-13T05:23:06: 
2023-08-13T05:23:06:   Press Ctrl+C to stop the server
2023-08-13T05:23:06: 
2023-08-13T05:24:45: 
2023-08-13T05:24:45:    INFO  Server running on [http://0.0.0.0:8080].  
2023-08-13T05:24:45: 
2023-08-13T05:24:45:   Press Ctrl+C to stop the server
2023-08-13T05:24:45: 
2023-08-13T05:24:49: 
2023-08-13T05:24:49:    INFO  Server running on [http://0.0.0.0:8080].  
2023-08-13T05:24:49: 
2023-08-13T05:24:49:   Press Ctrl+C to stop the server
2023-08-13T05:24:49: 
2023-08-13T05:24:50:   2023-08-13 05:24:50
2023-08-13T05:24:50:  ................................................... ~ 0s
2023-08-13T05:24:50:   2023-08-13 05:24:50 ................................................... ~ 0s
2023-08-13T05:24:53: 
2023-08-13T05:24:53:    INFO  Server running on [http://0.0.0.0:8080].  
2023-08-13T05:24:53: 
2023-08-13T05:24:53:   Press Ctrl+C to stop the server
2023-08-13T05:24:53: 
2023-08-13T05:25:21:    WARN  167.94.146.55:34272 Invalid request (Connection reset by peer).  
2023-08-13T05:25:21: 
2023-08-13T05:25:21:   2023-08-13 05:25:20
2023-08-13T05:25:21:  ...................................................
2023-08-13T05:25:21:  ~ 1s
2023-08-13T05:25:22: 
2023-08-13T05:25:22:    INFO  Server running on [http://0.0.0.0:8080].  
2023-08-13T05:25:22: 
2023-08-13T05:25:22:   Press Ctrl+C to stop the server
2023-08-13T05:25:22: 
2023-08-13T05:25:22:    WARN  167.94.146.55:34122 Invalid request (Unsupported SSL request).  
2023-08-13T05:25:22: 
2023-08-13T05:25:22:   2023-08-13 05:25:21
2023-08-13T05:25:22:  ................................................... ~ 0s
2023-08-13T05:32:42: 
2023-08-13T05:32:42:    INFO  Server running on [http://0.0.0.0:8080].  
2023-08-13T05:32:42: 
2023-08-13T05:32:42:   Press Ctrl+C to stop the server
2023-08-13T05:32:42: 
2023-08-13T05:32:50: 
2023-08-13T05:32:50:    INFO  Server running on [http://0.0.0.0:8080].  
2023-08-13T05:32:50: 
2023-08-13T05:32:50:   Press Ctrl+C to stop the server
2023-08-13T05:32:50: 
2023-08-13T05:33:00: 
2023-08-13T05:33:00:    INFO  Server running on [http://0.0.0.0:8080].  
2023-08-13T05:33:00: 
2023-08-13T05:33:00:   Press Ctrl+C to stop the server
2023-08-13T05:33:00: 
2023-08-13T05:33:00:   2023-08-13 05:33:00
2023-08-13T05:33:00:  ...................................................
2023-08-13T05:33:00:  ~ 0s
2023-08-13T05:33:00:   2023-08-13 05:33:00 ................................................... ~ 0s
2023-08-13T05:33:02:   2023-08-13 05:33:00
2023-08-13T05:33:02:  ...................................................
2023-08-13T05:33:02:  ~ 2s
2023-08-13T05:33:02:  ................................................... ~ 2s
2023-08-13T05:33:02:   2023-08-13 05:33:02
2023-08-13T05:33:02:  ...................................................
2023-08-13T05:33:02:  ~ 0s
2023-08-13T05:33:02:  ...................................................
2023-08-13T05:33:02:  ~ 0s
2023-08-13T05:33:12: 
2023-08-13T05:33:12:    INFO  Server running on [http://0.0.0.0:8080].  
2023-08-13T05:33:12: 
2023-08-13T05:33:12:   Press Ctrl+C to stop the server
2023-08-13T05:33:12: 
2023-08-13T05:33:33: 
2023-08-13T05:33:33:    WARN  Failed to listen on 0.0.0.0:8080 (reason: Address already in use).  
2023-08-13T05:33:33: 
2023-08-13T05:36:48: 
2023-08-13T05:36:48:    INFO  Server running on [http://0.0.0.0:8080].  
2023-08-13T05:36:48: 
2023-08-13T05:36:48:   Press Ctrl+C to stop the server
2023-08-13T05:36:48: 
2023-08-13T05:36:56: 
2023-08-13T05:36:56:    INFO  Server running on [http://0.0.0.0:8080].  
2023-08-13T05:36:56: 
2023-08-13T05:36:56:   Press Ctrl+C to stop the server
2023-08-13T05:36:56: 
2023-08-13T05:37:00: 
2023-08-13T05:37:00:    INFO  Server running on [http://0.0.0.0:8080].  
2023-08-13T05:37:00: 
2023-08-13T05:37:00:   Press Ctrl+C to stop the server
2023-08-13T05:37:00: 
2023-08-13T05:37:02:   2023-08-13 05:37:00
2023-08-13T05:37:02:  ...................................................
2023-08-13T05:37:02:  ~ 2s
2023-08-13T05:37:02:  ...................................................
2023-08-13T05:37:02:  ~ 2s
2023-08-13T05:37:02:  ...................................................
2023-08-13T05:37:02:  ~ 2s
2023-08-13T05:37:02:   2023-08-13 05:37:02
2023-08-13T05:37:02:  ...................................................
2023-08-13T05:37:02:  ~ 0s
2023-08-13T05:37:02:  ...................................................
2023-08-13T05:37:02:  ~ 0s
2023-08-13T05:37:02:  ...................................................
2023-08-13T05:37:02:  ~ 0s
2023-08-13T05:37:03: 
2023-08-13T05:37:03:    INFO  Server running on [http://0.0.0.0:8080].  
2023-08-13T05:37:03: 
2023-08-13T05:37:03:   Press Ctrl+C to stop the server
2023-08-13T05:37:03: 
2023-08-13T05:39:16: 
2023-08-13T05:39:16:    INFO  Server running on [http://0.0.0.0:8080].  
2023-08-13T05:39:16: 
2023-08-13T05:39:16:   Press Ctrl+C to stop the server
2023-08-13T05:39:16: 
2023-08-13T06:08:35:   2023-08-13 06:08:34
2023-08-13T06:08:35:  ................................................... ~ 1s
2023-08-13T06:08:35: 
2023-08-13T06:08:35:    INFO  Server running on [http://0.0.0.0:8080].  
2023-08-13T06:08:35: 
2023-08-13T06:08:35:   Press Ctrl+C to stop the server
2023-08-13T06:08:35: 
2023-08-13T06:08:36:    WARN  54.244.36.124:52959 Invalid request (Unsupported SSL request).  
2023-08-13T06:08:36: 
2023-08-13T06:08:36:   2023-08-13 06:08:36
2023-08-13T06:08:36:  ................................................... ~ 0s
2023-08-13T06:08:38:   2023-08-13 06:08:37
2023-08-13T06:08:38:  ................................................... ~ 1s
2023-08-13T06:08:39: 
2023-08-13T06:08:39:    INFO  Server running on [http://0.0.0.0:8080].  
2023-08-13T06:08:39: 
2023-08-13T06:08:39:   Press Ctrl+C to stop the server
2023-08-13T06:08:39: 
2023-08-13T06:08:39:    WARN  54.244.36.124:49722 Invalid request (Unsupported SSL request).  
2023-08-13T06:08:39: 
2023-08-13T06:08:39:  ...................................................
2023-08-13T06:08:39:  ~ 0s
2023-08-13T06:08:40:    WARN  54.244.36.124:51674 Invalid request (Unsupported SSL request).  
2023-08-13T06:08:40: 
2023-08-13T06:08:40:  ................................................... ~ 0s
2023-08-13T06:41:48:    WARN  45.128.232.105:41024 [404]: CONNECT google.com:443.  
2023-08-13T06:41:48: 
2023-08-13T06:41:48:   2023-08-13 06:41:48 ................................................... ~ 0s
2023-08-13T06:41:49: 
2023-08-13T06:41:49:    INFO  Server running on [http://0.0.0.0:8080].  
2023-08-13T06:41:49: 
2023-08-13T06:41:49:   Press Ctrl+C to stop the server
2023-08-13T06:41:49: 
2023-08-13T06:49:37: 
2023-08-13T06:49:37:    INFO  Server running on [http://0.0.0.0:8080].  
2023-08-13T06:49:37: 
2023-08-13T06:49:37:   Press Ctrl+C to stop the server
2023-08-13T06:49:37: 
2023-08-13T06:59:00: 
2023-08-13T06:59:00:    INFO  Server running on [http://0.0.0.0:8080].  
2023-08-13T06:59:00: 
2023-08-13T06:59:00:   Press Ctrl+C to stop the server
2023-08-13T06:59:00: 
2023-08-13T06:59:01:   2023-08-13 06:59:00
2023-08-13T06:59:01:  ...................................................
2023-08-13T06:59:01:  ~ 1s
2023-08-13T06:59:02:   2023-08-13 06:59:02
2023-08-13T06:59:02:  ................................................... ~ 0s
2023-08-13T06:59:03: 
2023-08-13T06:59:03:    INFO  Server running on [http://0.0.0.0:8080].  
2023-08-13T06:59:03: 
2023-08-13T06:59:03:   Press Ctrl+C to stop the server
2023-08-13T06:59:03: 
2023-08-13T06:59:06:   2023-08-13 06:59:06
2023-08-13T06:59:06:  ...................................................
2023-08-13T06:59:06:  ~ 0s
2023-08-13T06:59:07: 
2023-08-13T06:59:07:    INFO  Server running on [http://0.0.0.0:8080].  
2023-08-13T06:59:07: 
2023-08-13T06:59:07:   Press Ctrl+C to stop the server
2023-08-13T06:59:07: 
2023-08-13T06:59:08:   2023-08-13 06:59:07
2023-08-13T06:59:08:  ...................................................
2023-08-13T06:59:08:  ~ 0s
2023-08-13T06:59:09:   2023-08-13 06:59:09
2023-08-13T06:59:09:  ................................................... ~ 0s
2023-08-13T06:59:10:   2023-08-13 06:59:10
2023-08-13T06:59:10:  ................................................... ~ 0s
2023-08-13T06:59:11: 
2023-08-13T06:59:11:    INFO  Server running on [http://0.0.0.0:8080].  
2023-08-13T06:59:11: 
2023-08-13T06:59:11:   Press Ctrl+C to stop the server
2023-08-13T06:59:11: 
2023-08-13T06:59:13:   2023-08-13 06:59:12
2023-08-13T06:59:13:  ...................................................
2023-08-13T06:59:13:  ~ 1s
2023-08-13T06:59:14: 
2023-08-13T06:59:14:    INFO  Server running on [http://0.0.0.0:8080].  
2023-08-13T06:59:14: 
2023-08-13T06:59:14:   Press Ctrl+C to stop the server
2023-08-13T06:59:14: 
2023-08-13T06:59:14:   2023-08-13 06:59:14
2023-08-13T06:59:14:  ...................................................
2023-08-13T06:59:14:  ~ 0s
2023-08-13T06:59:16:   2023-08-13 06:59:15
2023-08-13T06:59:16:  ................................................... ~ 1s
2023-08-13T06:59:17:   2023-08-13 06:59:16
2023-08-13T06:59:17:  ................................................... ~ 0s
2023-08-13T06:59:18: 
2023-08-13T06:59:18:    INFO  Server running on [http://0.0.0.0:8080].  
2023-08-13T06:59:18: 
2023-08-13T06:59:18:   Press Ctrl+C to stop the server
2023-08-13T06:59:18: 
2023-08-13T06:59:19:   2023-08-13 06:59:18
2023-08-13T06:59:19:  ...................................................
2023-08-13T06:59:19:  ~ 0s
2023-08-13T06:59:20:   2023-08-13 06:59:20
2023-08-13T06:59:20:  ................................................... ~ 0s
2023-08-13T06:59:21: 
2023-08-13T06:59:21:    INFO  Server running on [http://0.0.0.0:8080].  
2023-08-13T06:59:21: 
2023-08-13T06:59:21:   Press Ctrl+C to stop the server
2023-08-13T06:59:21: 
2023-08-13T06:59:22:   2023-08-13 06:59:21
2023-08-13T06:59:22:  ................................................... ~ 1s
2023-08-13T06:59:24:   2023-08-13 06:59:23
2023-08-13T06:59:24:  ................................................... ~ 1s
2023-08-13T06:59:25: 
2023-08-13T06:59:25:    INFO  Server running on [http://0.0.0.0:8080].  
2023-08-13T06:59:25: 
2023-08-13T06:59:25:   Press Ctrl+C to stop the server
2023-08-13T06:59:25: 
2023-08-13T06:59:28:   2023-08-13 06:59:26
2023-08-13T06:59:28:  ...................................................
2023-08-13T06:59:28:  ~ 1s
2023-08-13T06:59:28: 
2023-08-13T06:59:28:    INFO  Server running on [http://0.0.0.0:8080].  
2023-08-13T06:59:28: 
2023-08-13T06:59:28:   Press Ctrl+C to stop the server
2023-08-13T06:59:28: 
2023-08-13T07:04:40:    WARN  198.98.58.175:42422 [404]: CONNECT ip138.com:443.  
2023-08-13T07:04:40: 
2023-08-13T07:04:40:   2023-08-13 07:04:39 ...................................................
2023-08-13T07:04:40:  ~ 0s
2023-08-13T07:04:40: 
2023-08-13T07:04:40:    INFO  Server running on [http://0.0.0.0:8080].  
2023-08-13T07:04:40: 
2023-08-13T07:04:40:   Press Ctrl+C to stop the server
2023-08-13T07:04:40: 
2023-08-13T07:15:53: 
2023-08-13T07:15:53:    INFO  Server running on [http://0.0.0.0:8080].  
2023-08-13T07:15:53: 
2023-08-13T07:15:53:   Press Ctrl+C to stop the server
2023-08-13T07:15:53: 
2023-08-13T07:33:35:    WARN  45.128.232.140:60770 [404]: CONNECT google.com:443.  
2023-08-13T07:33:35: 
2023-08-13T07:33:35:   2023-08-13 07:33:34
2023-08-13T07:33:35:  ................................................... ~ 1s
2023-08-13T07:33:36: 
2023-08-13T07:33:36:    INFO  Server running on [http://0.0.0.0:8080].  
2023-08-13T07:33:36: 
2023-08-13T07:33:36:   Press Ctrl+C to stop the server
2023-08-13T07:33:36: 
2023-08-13T07:35:35:    WARN  45.128.232.111:44568 [404]: CONNECT google.com:443.  
2023-08-13T07:35:35: 
2023-08-13T07:35:35:  ................................................... ~ 0s
2023-08-13T07:35:36: 
2023-08-13T07:35:36:    INFO  Server running on [http://0.0.0.0:8080].  
2023-08-13T07:35:36: 
2023-08-13T07:35:36:   Press Ctrl+C to stop the server
2023-08-13T07:35:36: 
2023-08-13T08:03:34:    WARN  84.54.51.27:38622 [404]: CONNECT google.com:443.  
2023-08-13T08:03:34: 
2023-08-13T08:03:34:   2023-08-13 08:03:33 ...................................................
2023-08-13T08:03:34:  ~ 1s
2023-08-13T08:03:35: 
2023-08-13T08:03:35:    INFO  Server running on [http://0.0.0.0:8080].  
2023-08-13T08:03:35: 
2023-08-13T08:03:35:   Press Ctrl+C to stop the server
2023-08-13T08:03:35: 
2023-08-13T08:06:40: 
2023-08-13T08:06:40:    INFO  Server running on [http://0.0.0.0:8080].  
2023-08-13T08:06:40: 
2023-08-13T08:06:40:   Press Ctrl+C to stop the server
2023-08-13T08:06:40: 
2023-08-13T08:21:32:    WARN  104.167.222.2:57282 [404]: CONNECT www.google.com:443.  
2023-08-13T08:21:32: 
2023-08-13T08:21:32:  ...................................................
2023-08-13T08:21:32:  ~ 0s
2023-08-13T08:21:32: 
2023-08-13T08:21:32:    INFO  Server running on [http://0.0.0.0:8080].  
2023-08-13T08:21:32: 
2023-08-13T08:21:32:   Press Ctrl+C to stop the server
2023-08-13T08:21:32: 
2023-08-13T08:33:13: 
2023-08-13T08:33:13:    INFO  Server running on [http://0.0.0.0:8080].  
2023-08-13T08:33:13: 
2023-08-13T08:33:13:   Press Ctrl+C to stop the server
2023-08-13T08:33:13: 
2023-08-13T08:33:15:   2023-08-13 08:33:13
2023-08-13T08:33:15:  ...................................................
2023-08-13T08:33:15:  ~ 2s
2023-08-13T08:33:15:  ...................................................
2023-08-13T08:33:15:  ~ 2s
2023-08-13T08:33:15:  ~ 0s
2023-08-13T08:33:15:   2023-08-13 08:33:15 ................................................... ~ 0s
2023-08-13T08:33:15:   2023-08-13 08:33:15 ................................................... ~ 0s
2023-08-13T08:33:15:   2023-08-13 08:33:15 ................................................... ~ 0s
2023-08-13T08:33:16: 
2023-08-13T08:33:16:    INFO  Server running on [http://0.0.0.0:8080].  
2023-08-13T08:33:16: 
2023-08-13T08:33:16:   Press Ctrl+C to stop the server
2023-08-13T08:33:16: 
2023-08-13T08:34:04: 
2023-08-13T08:34:04:    WARN  Failed to listen on 0.0.0.0:8080 (reason: Address already in use).  
2023-08-13T08:34:04: 
