2023-08-13T08:36:34: 
2023-08-13T08:36:34:    INFO  Server running on [http://0.0.0.0:8080].  
2023-08-13T08:36:34: 
2023-08-13T08:36:34:   Press Ctrl+C to stop the server
2023-08-13T08:36:34: 
2023-08-13T08:37:13: 
2023-08-13T08:37:13:    WARN  Failed to listen on 0.0.0.0:8080 (reason: Address already in use).  
2023-08-13T08:37:13: 
2023-08-13T08:41:15: 
2023-08-13T08:41:15:    INFO  Server running on [http://0.0.0.0:8080].  
2023-08-13T08:41:15: 
2023-08-13T08:41:15:   Press Ctrl+C to stop the server
2023-08-13T08:41:15: 
2023-08-13T08:41:50: 
2023-08-13T08:41:50:    INFO  Server running on [http://0.0.0.0:8080].  
2023-08-13T08:41:50: 
2023-08-13T08:41:50:   Press Ctrl+C to stop the server
2023-08-13T08:41:50: 
2023-08-13T08:41:50:   2023-08-13 08:41:50
2023-08-13T08:41:50:  ...................................................
2023-08-13T08:41:50:  ~ 0s
2023-08-13T08:41:52:   2023-08-13 08:41:50
2023-08-13T08:41:52:  ................................................... ~ 2s
2023-08-13T08:41:52:   2023-08-13 08:41:50
2023-08-13T08:41:52:  ................................................... ~ 2s
2023-08-13T08:41:52:  ...................................................
2023-08-13T08:41:52:  ~ 0s
2023-08-13T08:41:52:  ...................................................
2023-08-13T08:41:52:  ~ 0s
2023-08-13T08:41:53:   2023-08-13 08:41:53
2023-08-13T08:41:53:  ................................................... ~ 0s
2023-08-13T08:41:54: 
2023-08-13T08:41:54:    INFO  Server running on [http://0.0.0.0:8080].  
2023-08-13T08:41:54: 
2023-08-13T08:41:54:   Press Ctrl+C to stop the server
2023-08-13T08:41:54: 
2023-08-13T08:42:24: 
2023-08-13T08:42:24:    INFO  Server running on [http://0.0.0.0:8080].  
2023-08-13T08:42:24: 
2023-08-13T08:42:24:   Press Ctrl+C to stop the server
2023-08-13T08:42:24: 
2023-08-13T08:42:25:   2023-08-13 08:42:24
2023-08-13T08:42:25:  ...................................................
2023-08-13T08:42:25:  ~ 0s
2023-08-13T08:42:25:  ...................................................
2023-08-13T08:42:25:  ~ 0s
2023-08-13T08:42:27:   2023-08-13 08:42:24
2023-08-13T08:42:27:  ................................................... ~ 2s
2023-08-13T08:42:27:  ...................................................
2023-08-13T08:42:27:  ~ 2s
2023-08-13T08:42:27:  ...................................................
2023-08-13T08:42:27:  ~ 0s
2023-08-13T08:42:27:  ...................................................
2023-08-13T08:42:27:  ~ 0s
2023-08-13T08:42:27: 
2023-08-13T08:42:27:    INFO  Server running on [http://0.0.0.0:8080].  
2023-08-13T08:42:27: 
2023-08-13T08:42:27:   Press Ctrl+C to stop the server
2023-08-13T08:42:27: 
2023-08-13T08:42:31: 
2023-08-13T08:42:31:    WARN  Failed to listen on 0.0.0.0:8080 (reason: Address already in use).  
2023-08-13T08:42:31: 
2023-08-13T08:43:20: 
2023-08-13T08:43:20:    INFO  Server running on [http://0.0.0.0:8080].  
2023-08-13T08:43:20: 
2023-08-13T08:43:20:   Press Ctrl+C to stop the server
2023-08-13T08:43:20: 
